Determining if the pthread_create exist failed with the following output:
Change Dir: /home/pranshu2/URDF/DifferentialDriveBot/build/CMakeFiles/CMakeTmp

Run Build Command:"/usr/bin/make" "cmTC_bc505/fast"
/usr/bin/make -f CMakeFiles/cmTC_bc505.dir/build.make CMakeFiles/cmTC_bc505.dir/build
make[1]: Entering directory '/home/pranshu2/URDF/DifferentialDriveBot/build/CMakeFiles/CMakeTmp'
Building C object CMakeFiles/cmTC_bc505.dir/CheckSymbolExists.c.o
/usr/bin/cc     -o CMakeFiles/cmTC_bc505.dir/CheckSymbolExists.c.o   -c /home/pranshu2/URDF/DifferentialDriveBot/build/CMakeFiles/CMakeTmp/CheckSymbolExists.c
Linking C executable cmTC_bc505
/usr/bin/cmake -E cmake_link_script CMakeFiles/cmTC_bc505.dir/link.txt --verbose=1
/usr/bin/cc       CMakeFiles/cmTC_bc505.dir/CheckSymbolExists.c.o  -o cmTC_bc505 -rdynamic 
CMakeFiles/cmTC_bc505.dir/CheckSymbolExists.c.o: In function `main':
CheckSymbolExists.c:(.text+0x16): undefined reference to `pthread_create'
collect2: error: ld returned 1 exit status
CMakeFiles/cmTC_bc505.dir/build.make:97: recipe for target 'cmTC_bc505' failed
make[1]: *** [cmTC_bc505] Error 1
make[1]: Leaving directory '/home/pranshu2/URDF/DifferentialDriveBot/build/CMakeFiles/CMakeTmp'
Makefile:126: recipe for target 'cmTC_bc505/fast' failed
make: *** [cmTC_bc505/fast] Error 2

File /home/pranshu2/URDF/DifferentialDriveBot/build/CMakeFiles/CMakeTmp/CheckSymbolExists.c:
/* */
#include <pthread.h>

int main(int argc, char** argv)
{
  (void)argv;
#ifndef pthread_create
  return ((int*)(&pthread_create))[argc];
#else
  (void)argc;
  return 0;
#endif
}

Determining if the function pthread_create exists in the pthreads failed with the following output:
Change Dir: /home/pranshu2/URDF/DifferentialDriveBot/build/CMakeFiles/CMakeTmp

Run Build Command:"/usr/bin/make" "cmTC_fd29a/fast"
/usr/bin/make -f CMakeFiles/cmTC_fd29a.dir/build.make CMakeFiles/cmTC_fd29a.dir/build
make[1]: Entering directory '/home/pranshu2/URDF/DifferentialDriveBot/build/CMakeFiles/CMakeTmp'
Building C object CMakeFiles/cmTC_fd29a.dir/CheckFunctionExists.c.o
/usr/bin/cc    -DCHECK_FUNCTION_EXISTS=pthread_create   -o CMakeFiles/cmTC_fd29a.dir/CheckFunctionExists.c.o   -c /usr/share/cmake-3.5/Modules/CheckFunctionExists.c
Linking C executable cmTC_fd29a
/usr/bin/cmake -E cmake_link_script CMakeFiles/cmTC_fd29a.dir/link.txt --verbose=1
/usr/bin/cc   -DCHECK_FUNCTION_EXISTS=pthread_create    CMakeFiles/cmTC_fd29a.dir/CheckFunctionExists.c.o  -o cmTC_fd29a -rdynamic -lpthreads 
/usr/bin/ld: cannot find -lpthreads
collect2: error: ld returned 1 exit status
CMakeFiles/cmTC_fd29a.dir/build.make:97: recipe for target 'cmTC_fd29a' failed
make[1]: *** [cmTC_fd29a] Error 1
make[1]: Leaving directory '/home/pranshu2/URDF/DifferentialDriveBot/build/CMakeFiles/CMakeTmp'
Makefile:126: recipe for target 'cmTC_fd29a/fast' failed
make: *** [cmTC_fd29a/fast] Error 2


